0 info it worked if it ends with ok
1 verbose cli [ 'node',
1 verbose cli   '/usr/local/bin/npm',
1 verbose cli   'install',
1 verbose cli   'riotconnect',
1 verbose cli   '--save' ]
2 info using npm@1.4.28
3 info using node@v0.10.35
4 warn package.json kookcalc@0.0.1 No repository field.
5 warn package.json kookcalc@0.0.1 No README data
6 verbose readDependencies using package.json deps
7 verbose cache add [ 'riotconnect', null ]
8 verbose cache add name=undefined spec="riotconnect" args=["riotconnect",null]
9 verbose parsed url { protocol: null,
9 verbose parsed url   slashes: null,
9 verbose parsed url   auth: null,
9 verbose parsed url   host: null,
9 verbose parsed url   port: null,
9 verbose parsed url   hostname: null,
9 verbose parsed url   hash: null,
9 verbose parsed url   search: null,
9 verbose parsed url   query: null,
9 verbose parsed url   pathname: 'riotconnect',
9 verbose parsed url   path: 'riotconnect',
9 verbose parsed url   href: 'riotconnect' }
10 silly lockFile ae61d48b-riotconnect riotconnect
11 verbose lock riotconnect /Users/ncgerritsen/.npm/ae61d48b-riotconnect.lock
12 silly lockFile ae61d48b-riotconnect riotconnect
13 silly lockFile ae61d48b-riotconnect riotconnect
14 verbose addNamed [ 'riotconnect', '' ]
15 verbose addNamed [ null, '*' ]
16 silly lockFile adc85847-riotconnect riotconnect@
17 verbose lock riotconnect@ /Users/ncgerritsen/.npm/adc85847-riotconnect.lock
18 silly addNameRange { name: 'riotconnect', range: '*', hasData: false }
19 verbose request where is /riotconnect
20 verbose request registry https://registry.npmjs.org/
21 verbose request id 767d45a42782882a
22 verbose url raw /riotconnect
23 verbose url resolving [ 'https://registry.npmjs.org/', './riotconnect' ]
24 verbose url resolved https://registry.npmjs.org/riotconnect
25 verbose request where is https://registry.npmjs.org/riotconnect
26 info trying registry request attempt 1 at 20:08:44
27 http GET https://registry.npmjs.org/riotconnect
28 http 404 https://registry.npmjs.org/riotconnect
29 verbose headers { server: 'CouchDB/1.5.0 (Erlang OTP/R16B03)',
29 verbose headers   'content-type': 'application/json',
29 verbose headers   'cache-control': 'max-age=0',
29 verbose headers   'content-length': '51',
29 verbose headers   'accept-ranges': 'bytes',
29 verbose headers   date: 'Wed, 22 Jul 2015 18:08:45 GMT',
29 verbose headers   via: '1.1 varnish',
29 verbose headers   age: '0',
29 verbose headers   connection: 'keep-alive',
29 verbose headers   'x-served-by': 'cache-fra1230-FRA',
29 verbose headers   'x-cache': 'MISS',
29 verbose headers   'x-cache-hits': '0',
29 verbose headers   'x-timer': 'S1437588525.120074,VS0,VE187' }
30 silly registry.get cb [ 404,
30 silly registry.get   { server: 'CouchDB/1.5.0 (Erlang OTP/R16B03)',
30 silly registry.get     'content-type': 'application/json',
30 silly registry.get     'cache-control': 'max-age=0',
30 silly registry.get     'content-length': '51',
30 silly registry.get     'accept-ranges': 'bytes',
30 silly registry.get     date: 'Wed, 22 Jul 2015 18:08:45 GMT',
30 silly registry.get     via: '1.1 varnish',
30 silly registry.get     age: '0',
30 silly registry.get     connection: 'keep-alive',
30 silly registry.get     'x-served-by': 'cache-fra1230-FRA',
30 silly registry.get     'x-cache': 'MISS',
30 silly registry.get     'x-cache-hits': '0',
30 silly registry.get     'x-timer': 'S1437588525.120074,VS0,VE187' } ]
31 silly lockFile adc85847-riotconnect riotconnect@
32 silly lockFile adc85847-riotconnect riotconnect@
33 error 404 404 Not Found: riotconnect
33 error 404
33 error 404 'riotconnect' is not in the npm registry.
33 error 404 You should bug the author to publish it
33 error 404 It was specified as a dependency of 'kookcalc'
33 error 404
33 error 404 Note that you can also install from a
33 error 404 tarball, folder, or http url, or git url.
34 error System Darwin 14.4.0
35 error command "node" "/usr/local/bin/npm" "install" "riotconnect" "--save"
36 error cwd /Users/ncgerritsen/Desktop/kookcalc
37 error node -v v0.10.35
38 error npm -v 1.4.28
39 error code E404
40 verbose exit [ 1, true ]
